D:\Documents\ACA\WTK\WTK\\out\Win32\Debug\WTK.exe
D:\Documents\ACA\WTK\WTK\\out\Win32\Debug\WTK.exe.CodeAnalysisLog.xml
D:\Documents\ACA\WTK\WTK\\out\Win32\Debug\WTK.exe.lastcodeanalysissucceeded
D:\Documents\ACA\WTK\WTK\\out\Win32\Debug\WTK.ilk
D:\Documents\ACA\WTK\WTK\\out\Win32\Debug\WTK.pdb
D:\Documents\ACA\WTK\WTK\out\Win32\Debug\trash\cl.command.1.tlog
D:\Documents\ACA\WTK\WTK\out\Win32\Debug\trash\CL.read.1.tlog
D:\Documents\ACA\WTK\WTK\out\Win32\Debug\trash\CL.write.1.tlog
D:\DOCUMENTS\ACA\WTK\WTK\OUT\WIN32\DEBUG\TRASH\FASTMARCHINGLEVELSET.OBJ
D:\DOCUMENTS\ACA\WTK\WTK\OUT\WIN32\DEBUG\TRASH\FASTMARCHINGLEVELSETBASE.OBJ
D:\DOCUMENTS\ACA\WTK\WTK\OUT\WIN32\DEBUG\TRASH\FASTMARCHINGLEVELSETGUI.OBJ
D:\DOCUMENTS\ACA\WTK\WTK\OUT\WIN32\DEBUG\TRASH\FLTKGLWINDOW.OBJ
D:\DOCUMENTS\ACA\WTK\WTK\OUT\WIN32\DEBUG\TRASH\FLTKIMAGE2DVIEWERGUI.OBJ
D:\DOCUMENTS\ACA\WTK\WTK\OUT\WIN32\DEBUG\TRASH\FLTKIMAGE2DVIEWERWINDOW.OBJ
D:\DOCUMENTS\ACA\WTK\WTK\OUT\WIN32\DEBUG\TRASH\FLTKIMAGEVIEWER.OBJ
D:\DOCUMENTS\ACA\WTK\WTK\OUT\WIN32\DEBUG\TRASH\FLTKIMAGEVIEWERGUI.OBJ
D:\DOCUMENTS\ACA\WTK\WTK\OUT\WIN32\DEBUG\TRASH\FLTKLIGHTBUTTON.OBJ
D:\DOCUMENTS\ACA\WTK\WTK\OUT\WIN32\DEBUG\TRASH\FLTKPROGRESSBAR.OBJ
D:\DOCUMENTS\ACA\WTK\WTK\OUT\WIN32\DEBUG\TRASH\FLTKUTILS.OBJ
D:\DOCUMENTS\ACA\WTK\WTK\OUT\WIN32\DEBUG\TRASH\FLTKVTKIMAGEVIEWER.OBJ
D:\DOCUMENTS\ACA\WTK\WTK\OUT\WIN32\DEBUG\TRASH\FLTKVTKIMAGEVIEWERBASE.OBJ
D:\DOCUMENTS\ACA\WTK\WTK\OUT\WIN32\DEBUG\TRASH\FLTKVTKIMAGEVIEWERGUI.OBJ
D:\DOCUMENTS\ACA\WTK\WTK\OUT\WIN32\DEBUG\TRASH\FM2D.OBJ
D:\DOCUMENTS\ACA\WTK\WTK\OUT\WIN32\DEBUG\TRASH\FMBASE.OBJ
D:\DOCUMENTS\ACA\WTK\WTK\OUT\WIN32\DEBUG\TRASH\FMGUI.OBJ
D:\Documents\ACA\WTK\WTK\out\Win32\Debug\trash\link.9312.read.1.tlog
D:\Documents\ACA\WTK\WTK\out\Win32\Debug\trash\link.9312.write.1.tlog
D:\Documents\ACA\WTK\WTK\out\Win32\Debug\trash\link.9312-cvtres.read.1.tlog
D:\Documents\ACA\WTK\WTK\out\Win32\Debug\trash\link.9312-cvtres.write.1.tlog
D:\Documents\ACA\WTK\WTK\out\Win32\Debug\trash\link.command.1.tlog
D:\Documents\ACA\WTK\WTK\out\Win32\Debug\trash\link.read.1.tlog
D:\Documents\ACA\WTK\WTK\out\Win32\Debug\trash\link.write.1.tlog
D:\Documents\ACA\WTK\WTK\out\Win32\Debug\trash\link-cvtres.read.1.tlog
D:\Documents\ACA\WTK\WTK\out\Win32\Debug\trash\link-cvtres.write.1.tlog
D:\DOCUMENTS\ACA\WTK\WTK\OUT\WIN32\DEBUG\TRASH\MAIN.OBJ
D:\Documents\ACA\WTK\WTK\out\Win32\Debug\trash\mt.command.1.tlog
D:\Documents\ACA\WTK\WTK\out\Win32\Debug\trash\mt.read.1.tlog
D:\Documents\ACA\WTK\WTK\out\Win32\Debug\trash\mt.write.1.tlog
D:\Documents\ACA\WTK\WTK\out\Win32\Debug\trash\rc.command.1.tlog
D:\Documents\ACA\WTK\WTK\out\Win32\Debug\trash\rc.read.1.tlog
D:\Documents\ACA\WTK\WTK\out\Win32\Debug\trash\rc.write.1.tlog
D:\Documents\ACA\WTK\WTK\out\Win32\Debug\trash\vc100.idb
D:\DOCUMENTS\ACA\WTK\WTK\OUT\WIN32\DEBUG\TRASH\VC100.PDB
D:\DOCUMENTS\ACA\WTK\WTK\OUT\WIN32\DEBUG\TRASH\VTKFLRENDERWINDOWINTERACTOR.OBJ
D:\DOCUMENTS\ACA\WTK\WTK\OUT\WIN32\DEBUG\TRASH\WTK.EXE.EMBED.MANIFEST
D:\DOCUMENTS\ACA\WTK\WTK\OUT\WIN32\DEBUG\TRASH\WTK.EXE.EMBED.MANIFEST.RES
D:\DOCUMENTS\ACA\WTK\WTK\OUT\WIN32\DEBUG\TRASH\WTK.EXE.INTERMEDIATE.MANIFEST
D:\Documents\ACA\WTK\WTK\out\Win32\Debug\trash\WTK.write.1.tlog
D:\Documents\ACA\WTK\WTK\out\Win32\Debug\trash\WTK_manifest.rc
D:\DOCUMENTS\ACA\WTK\WTK\OUT\WIN32\DEBUG\TRASH\WTKAPP.OBJ
D:\DOCUMENTS\ACA\WTK\WTK\OUT\WIN32\DEBUG\WTK.EXE
D:\Documents\ACA\WTK\WTK\out\Win32\Debug\WTK.exp
D:\DOCUMENTS\ACA\WTK\WTK\OUT\WIN32\DEBUG\WTK.ILK
D:\Documents\ACA\WTK\WTK\out\Win32\Debug\WTK.lib
D:\DOCUMENTS\ACA\WTK\WTK\OUT\WIN32\DEBUG\WTK.PDB
