D:\3dresearch\Wu-yj\Ultimate\Segment-part\WTK2\WTK\WTK\x64\out\x64\Release\trash\cl.command.1.tlog
D:\3dresearch\Wu-yj\Ultimate\Segment-part\WTK2\WTK\WTK\x64\out\x64\Release\trash\CL.read.1.tlog
D:\3dresearch\Wu-yj\Ultimate\Segment-part\WTK2\WTK\WTK\x64\out\x64\Release\trash\CL.write.1.tlog
D:\3DRESEARCH\WU-YJ\ULTIMATE\SEGMENT-PART\WTK2\WTK\WTK\X64\OUT\X64\RELEASE\TRASH\FASTMARCHINGLEVELSET.OBJ
D:\3DRESEARCH\WU-YJ\ULTIMATE\SEGMENT-PART\WTK2\WTK\WTK\X64\OUT\X64\RELEASE\TRASH\FASTMARCHINGLEVELSETBASE.OBJ
D:\3DRESEARCH\WU-YJ\ULTIMATE\SEGMENT-PART\WTK2\WTK\WTK\X64\OUT\X64\RELEASE\TRASH\FASTMARCHINGLEVELSETGUI.OBJ
D:\3DRESEARCH\WU-YJ\ULTIMATE\SEGMENT-PART\WTK2\WTK\WTK\X64\OUT\X64\RELEASE\TRASH\FLTKGLWINDOW.OBJ
D:\3DRESEARCH\WU-YJ\ULTIMATE\SEGMENT-PART\WTK2\WTK\WTK\X64\OUT\X64\RELEASE\TRASH\FLTKIMAGE2DVIEWERGUI.OBJ
D:\3DRESEARCH\WU-YJ\ULTIMATE\SEGMENT-PART\WTK2\WTK\WTK\X64\OUT\X64\RELEASE\TRASH\FLTKIMAGE2DVIEWERWINDOW.OBJ
D:\3DRESEARCH\WU-YJ\ULTIMATE\SEGMENT-PART\WTK2\WTK\WTK\X64\OUT\X64\RELEASE\TRASH\FLTKIMAGEVIEWER.OBJ
D:\3DRESEARCH\WU-YJ\ULTIMATE\SEGMENT-PART\WTK2\WTK\WTK\X64\OUT\X64\RELEASE\TRASH\FLTKIMAGEVIEWERGUI.OBJ
D:\3DRESEARCH\WU-YJ\ULTIMATE\SEGMENT-PART\WTK2\WTK\WTK\X64\OUT\X64\RELEASE\TRASH\FLTKLIGHTBUTTON.OBJ
D:\3DRESEARCH\WU-YJ\ULTIMATE\SEGMENT-PART\WTK2\WTK\WTK\X64\OUT\X64\RELEASE\TRASH\FLTKPROGRESSBAR.OBJ
D:\3DRESEARCH\WU-YJ\ULTIMATE\SEGMENT-PART\WTK2\WTK\WTK\X64\OUT\X64\RELEASE\TRASH\FLTKUTILS.OBJ
D:\3DRESEARCH\WU-YJ\ULTIMATE\SEGMENT-PART\WTK2\WTK\WTK\X64\OUT\X64\RELEASE\TRASH\FLTKVTKIMAGEVIEWER.OBJ
D:\3DRESEARCH\WU-YJ\ULTIMATE\SEGMENT-PART\WTK2\WTK\WTK\X64\OUT\X64\RELEASE\TRASH\FLTKVTKIMAGEVIEWERBASE.OBJ
D:\3DRESEARCH\WU-YJ\ULTIMATE\SEGMENT-PART\WTK2\WTK\WTK\X64\OUT\X64\RELEASE\TRASH\FLTKVTKIMAGEVIEWERGUI.OBJ
D:\3DRESEARCH\WU-YJ\ULTIMATE\SEGMENT-PART\WTK2\WTK\WTK\X64\OUT\X64\RELEASE\TRASH\FM2D.OBJ
D:\3DRESEARCH\WU-YJ\ULTIMATE\SEGMENT-PART\WTK2\WTK\WTK\X64\OUT\X64\RELEASE\TRASH\FMBASE.OBJ
D:\3DRESEARCH\WU-YJ\ULTIMATE\SEGMENT-PART\WTK2\WTK\WTK\X64\OUT\X64\RELEASE\TRASH\FMGUI.OBJ
D:\3dresearch\Wu-yj\Ultimate\Segment-part\WTK2\WTK\WTK\x64\out\x64\Release\trash\link.command.1.tlog
D:\3dresearch\Wu-yj\Ultimate\Segment-part\WTK2\WTK\WTK\x64\out\x64\Release\trash\link.read.1.tlog
D:\3dresearch\Wu-yj\Ultimate\Segment-part\WTK2\WTK\WTK\x64\out\x64\Release\trash\link.write.1.tlog
D:\3DRESEARCH\WU-YJ\ULTIMATE\SEGMENT-PART\WTK2\WTK\WTK\X64\OUT\X64\RELEASE\TRASH\MAIN.OBJ
D:\3DRESEARCH\WU-YJ\ULTIMATE\SEGMENT-PART\WTK2\WTK\WTK\X64\OUT\X64\RELEASE\TRASH\REGIONGROWINGSEGMENTATION.OBJ
D:\3DRESEARCH\WU-YJ\ULTIMATE\SEGMENT-PART\WTK2\WTK\WTK\X64\OUT\X64\RELEASE\TRASH\REGIONGROWINGSEGMENTATIONBASE.OBJ
D:\3DRESEARCH\WU-YJ\ULTIMATE\SEGMENT-PART\WTK2\WTK\WTK\X64\OUT\X64\RELEASE\TRASH\REGIONGROWINGSEGMENTATIONGUI.OBJ
D:\3DRESEARCH\WU-YJ\ULTIMATE\SEGMENT-PART\WTK2\WTK\WTK\X64\OUT\X64\RELEASE\TRASH\VC100.PDB
D:\3DRESEARCH\WU-YJ\ULTIMATE\SEGMENT-PART\WTK2\WTK\WTK\X64\OUT\X64\RELEASE\TRASH\VTKFLRENDERWINDOWINTERACTOR.OBJ
D:\3dresearch\Wu-yj\Ultimate\Segment-part\WTK2\WTK\WTK\x64\out\x64\Release\trash\WTK.exe.intermediate.manifest
D:\3dresearch\Wu-yj\Ultimate\Segment-part\WTK2\WTK\WTK\x64\out\x64\Release\trash\WTK.write.1.tlog
D:\3DRESEARCH\WU-YJ\ULTIMATE\SEGMENT-PART\WTK2\WTK\WTK\X64\OUT\X64\RELEASE\TRASH\WTKAPP.OBJ
